<?xml version="1.0" encoding="UTF-8"?>
<testsuite name="com.spoparty.batch.BatchApplicationTests" tests="1" skipped="0" failures="0" errors="0" timestamp="2024-02-12T12:00:20" hostname="HYORI_NOTEBOOK" time="0.202">
  <properties/>
  <testcase name="contextLoads()" classname="com.spoparty.batch.BatchApplicationTests" time="0.202"/>
  <system-out><![CDATA[21:00:13.649 [Test worker] DEBUG org.springframework.boot.test.context.SpringBootTestContextBootstrapper - Neither @ContextConfiguration nor @ContextHierarchy found for test class [BatchApplicationTests]: using SpringBootContextLoader
21:00:13.656 [Test worker] DEBUG org.springframework.test.context.support.AbstractContextLoader - Could not detect default resource locations for test class [com.spoparty.batch.BatchApplicationTests]: no resource found for suffixes {-context.xml, Context.groovy}.
21:00:13.657 [Test worker] INFO org.springframework.test.context.support.AnnotationConfigContextLoaderUtils - Could not detect default configuration classes for test class [com.spoparty.batch.BatchApplicationTests]: BatchApplicationTests does not declare any static, non-private, non-final, nested classes annotated with @Configuration.
21:00:13.683 [Test worker] DEBUG org.springframework.boot.test.context.SpringBootTestContextBootstrapper - Using ContextCustomizers for test class [BatchApplicationTests]: [DisableObservabilityContextCustomizer, PropertyMappingContextCustomizer, Customizer, ExcludeFilterContextCustomizer, DuplicateJsonObjectContextCustomizer, MockitoContextCustomizer, TestRestTemplateContextCustomizer, WebTestClientContextCustomizer]
21:00:13.742 [Test worker] DEBUG org.springframework.context.annotation.ClassPathScanningCandidateComponentProvider - Identified candidate component class: file [C:\workspace\S10P12A802\batch\build\classes\java\main\com\spoparty\batch\BatchApplication.class]
21:00:13.754 [Test worker] INFO org.springframework.boot.test.context.SpringBootTestContextBootstrapper - Found @SpringBootConfiguration com.spoparty.batch.BatchApplication for test class com.spoparty.batch.BatchApplicationTests
21:00:13.840 [Test worker] DEBUG org.springframework.test.context.util.TestContextSpringFactoriesUtils - Skipping candidate TestExecutionListener [org.springframework.test.context.web.ServletTestExecutionListener] due to a missing dependency. Specify custom TestExecutionListener classes or make the default TestExecutionListener classes and their required dependencies available. Offending class: [jakarta/servlet/ServletContext]
21:00:13.858 [Test worker] DEBUG org.springframework.boot.test.context.SpringBootTestContextBootstrapper - Using TestExecutionListeners for test class [BatchApplicationTests]: [DirtiesContextBeforeModesTestExecutionListener, ApplicationEventsTestExecutionListener, MockitoTestExecutionListener, DependencyInjectionTestExecutionListener, DirtiesContextTestExecutionListener, TransactionalTestExecutionListener, SqlScriptsTestExecutionListener, EventPublishingTestExecutionListener, RestDocsTestExecutionListener, MockRestServiceServerResetTestExecutionListener, MockMvcPrintOnlyOnFailureTestExecutionListener, WebDriverTestExecutionListener, MockWebServiceServerTestExecutionListener, ResetMocksTestExecutionListener]
21:00:13.859 [Test worker] DEBUG org.springframework.test.context.support.AbstractDirtiesContextTestExecutionListener - Before test class: class [BatchApplicationTests], class annotated with @DirtiesContext [false] with mode [null]
21:00:13.878 [Test worker] DEBUG org.springframework.test.context.support.DependencyInjectionTestExecutionListener - Performing dependency injection for test class com.spoparty.batch.BatchApplicationTests

  .   ____          _            __ _ _
 /\\ / ___'_ __ _ _(_)_ __  __ _ \ \ \ \
( ( )\___ | '_ | '_| | '_ \/ _` | \ \ \ \
 \\/  ___)| |_)| | | | | || (_| |  ) ) ) )
  '  |____| .__|_| |_|_| |_\__, | / / / /
 =========|_|==============|___/=/_/_/_/
 :: Spring Boot ::                (v3.0.0)

2024-02-12T21:00:14.298+09:00  INFO 14944 --- [    Test worker] c.spoparty.batch.BatchApplicationTests   : Starting BatchApplicationTests using Java 17 with PID 14944 (started by gyfl5 in C:\workspace\S10P12A802\batch)
2024-02-12T21:00:14.300+09:00  INFO 14944 --- [    Test worker] c.spoparty.batch.BatchApplicationTests   : No active profile set, falling back to 1 default profile: "default"
2024-02-12T21:00:14.926+09:00  INFO 14944 --- [    Test worker] .s.d.r.c.RepositoryConfigurationDelegate : Multiple Spring Data modules found, entering strict repository configuration mode
2024-02-12T21:00:14.927+09:00  INFO 14944 --- [    Test worker] .s.d.r.c.RepositoryConfigurationDelegate : Bootstrapping Spring Data JPA repositories in DEFAULT mode.
2024-02-12T21:00:15.140+09:00  INFO 14944 --- [    Test worker] .s.d.r.c.RepositoryConfigurationDelegate : Finished Spring Data repository scanning in 205 ms. Found 14 JPA repository interfaces.
2024-02-12T21:00:15.452+09:00  INFO 14944 --- [    Test worker] .s.d.r.c.RepositoryConfigurationDelegate : Multiple Spring Data modules found, entering strict repository configuration mode
2024-02-12T21:00:15.452+09:00  INFO 14944 --- [    Test worker] .s.d.r.c.RepositoryConfigurationDelegate : Bootstrapping Spring Data JDBC repositories in DEFAULT mode.
2024-02-12T21:00:15.464+09:00  INFO 14944 --- [    Test worker] .RepositoryConfigurationExtensionSupport : Spring Data JDBC - Could not safely identify store assignment for repository candidate interface com.spoparty.batch.repository.CheerFixtureRepository; If you want this repository to be a JDBC repository, consider annotating your entities with one of these annotations: org.springframework.data.relational.core.mapping.Table.
2024-02-12T21:00:15.466+09:00  INFO 14944 --- [    Test worker] .RepositoryConfigurationExtensionSupport : Spring Data JDBC - Could not safely identify store assignment for repository candidate interface com.spoparty.batch.repository.CoachRepository; If you want this repository to be a JDBC repository, consider annotating your entities with one of these annotations: org.springframework.data.relational.core.mapping.Table.
2024-02-12T21:00:15.466+09:00  INFO 14944 --- [    Test worker] .RepositoryConfigurationExtensionSupport : Spring Data JDBC - Could not safely identify store assignment for repository candidate interface com.spoparty.batch.repository.FixtureEventRepository; If you want this repository to be a JDBC repository, consider annotating your entities with one of these annotations: org.springframework.data.relational.core.mapping.Table.
2024-02-12T21:00:15.466+09:00  INFO 14944 --- [    Test worker] .RepositoryConfigurationExtensionSupport : Spring Data JDBC - Could not safely identify store assignment for repository candidate interface com.spoparty.batch.repository.FixtureRepository; If you want this repository to be a JDBC repository, consider annotating your entities with one of these annotations: org.springframework.data.relational.core.mapping.Table.
2024-02-12T21:00:15.466+09:00  INFO 14944 --- [    Test worker] .RepositoryConfigurationExtensionSupport : Spring Data JDBC - Could not safely identify store assignment for repository candidate interface com.spoparty.batch.repository.LeagueRepository; If you want this repository to be a JDBC repository, consider annotating your entities with one of these annotations: org.springframework.data.relational.core.mapping.Table.
2024-02-12T21:00:15.466+09:00  INFO 14944 --- [    Test worker] .RepositoryConfigurationExtensionSupport : Spring Data JDBC - Could not safely identify store assignment for repository candidate interface com.spoparty.batch.repository.LineupPlayerRepository; If you want this repository to be a JDBC repository, consider annotating your entities with one of these annotations: org.springframework.data.relational.core.mapping.Table.
2024-02-12T21:00:15.467+09:00  INFO 14944 --- [    Test worker] .RepositoryConfigurationExtensionSupport : Spring Data JDBC - Could not safely identify store assignment for repository candidate interface com.spoparty.batch.repository.LineupRepository; If you want this repository to be a JDBC repository, consider annotating your entities with one of these annotations: org.springframework.data.relational.core.mapping.Table.
2024-02-12T21:00:15.467+09:00  INFO 14944 --- [    Test worker] .RepositoryConfigurationExtensionSupport : Spring Data JDBC - Could not safely identify store assignment for repository candidate interface com.spoparty.batch.repository.PlayerRepository; If you want this repository to be a JDBC repository, consider annotating your entities with one of these annotations: org.springframework.data.relational.core.mapping.Table.
2024-02-12T21:00:15.467+09:00  INFO 14944 --- [    Test worker] .RepositoryConfigurationExtensionSupport : Spring Data JDBC - Could not safely identify store assignment for repository candidate interface com.spoparty.batch.repository.SeasonLeagueRepository; If you want this repository to be a JDBC repository, consider annotating your entities with one of these annotations: org.springframework.data.relational.core.mapping.Table.
2024-02-12T21:00:15.467+09:00  INFO 14944 --- [    Test worker] .RepositoryConfigurationExtensionSupport : Spring Data JDBC - Could not safely identify store assignment for repository candidate interface com.spoparty.batch.repository.SeasonLeagueTeamPlayerRepository; If you want this repository to be a JDBC repository, consider annotating your entities with one of these annotations: org.springframework.data.relational.core.mapping.Table.
2024-02-12T21:00:15.467+09:00  INFO 14944 --- [    Test worker] .RepositoryConfigurationExtensionSupport : Spring Data JDBC - Could not safely identify store assignment for repository candidate interface com.spoparty.batch.repository.SeasonLeagueTeamRepository; If you want this repository to be a JDBC repository, consider annotating your entities with one of these annotations: org.springframework.data.relational.core.mapping.Table.
2024-02-12T21:00:15.468+09:00  INFO 14944 --- [    Test worker] .RepositoryConfigurationExtensionSupport : Spring Data JDBC - Could not safely identify store assignment for repository candidate interface com.spoparty.batch.repository.SeasonRepository; If you want this repository to be a JDBC repository, consider annotating your entities with one of these annotations: org.springframework.data.relational.core.mapping.Table.
2024-02-12T21:00:15.469+09:00  INFO 14944 --- [    Test worker] .RepositoryConfigurationExtensionSupport : Spring Data JDBC - Could not safely identify store assignment for repository candidate interface com.spoparty.batch.repository.StandingRepository; If you want this repository to be a JDBC repository, consider annotating your entities with one of these annotations: org.springframework.data.relational.core.mapping.Table.
2024-02-12T21:00:15.469+09:00  INFO 14944 --- [    Test worker] .RepositoryConfigurationExtensionSupport : Spring Data JDBC - Could not safely identify store assignment for repository candidate interface com.spoparty.batch.repository.TeamRepository; If you want this repository to be a JDBC repository, consider annotating your entities with one of these annotations: org.springframework.data.relational.core.mapping.Table.
2024-02-12T21:00:15.469+09:00  INFO 14944 --- [    Test worker] .s.d.r.c.RepositoryConfigurationDelegate : Finished Spring Data repository scanning in 15 ms. Found 0 JDBC repository interfaces.
2024-02-12T21:00:15.941+09:00  INFO 14944 --- [    Test worker] o.hibernate.jpa.internal.util.LogHelper  : HHH000204: Processing PersistenceUnitInfo [name: springBatchEntityManager]
2024-02-12T21:00:16.028+09:00  INFO 14944 --- [    Test worker] org.hibernate.Version                    : HHH000412: Hibernate ORM core version 6.1.5.Final
2024-02-12T21:00:16.294+09:00  WARN 14944 --- [    Test worker] org.hibernate.orm.deprecation            : HHH90000021: Encountered deprecated setting [javax.persistence.sharedCache.mode], use [jakarta.persistence.sharedCache.mode] instead
2024-02-12T21:00:16.446+09:00  INFO 14944 --- [    Test worker] com.zaxxer.hikari.HikariDataSource       : read-and-write-pool - Starting...
2024-02-12T21:00:16.595+09:00  INFO 14944 --- [    Test worker] com.zaxxer.hikari.pool.HikariPool        : read-and-write-pool - Added connection org.mariadb.jdbc.Connection@2ad2b274
2024-02-12T21:00:16.596+09:00  INFO 14944 --- [    Test worker] com.zaxxer.hikari.HikariDataSource       : read-and-write-pool - Start completed.
2024-02-12T21:00:16.643+09:00  INFO 14944 --- [    Test worker] SQL dialect                              : HHH000400: Using dialect: org.hibernate.dialect.MariaDBDialect
2024-02-12T21:00:17.898+09:00  INFO 14944 --- [    Test worker] o.h.e.t.j.p.i.JtaPlatformInitiator       : HHH000490: Using JtaPlatform implementation: [org.hibernate.engine.transaction.jta.platform.internal.NoJtaPlatform]
2024-02-12T21:00:17.910+09:00  INFO 14944 --- [    Test worker] j.LocalContainerEntityManagerFactoryBean : Initialized JPA EntityManagerFactory for persistence unit 'springBatchEntityManager'
2024-02-12T21:00:18.594+09:00  INFO 14944 --- [    Test worker] com.zaxxer.hikari.HikariDataSource       : meta-data-pool - Starting...
2024-02-12T21:00:18.675+09:00  INFO 14944 --- [    Test worker] com.zaxxer.hikari.pool.HikariPool        : meta-data-pool - Added connection org.mariadb.jdbc.Connection@17554316
2024-02-12T21:00:18.676+09:00  INFO 14944 --- [    Test worker] com.zaxxer.hikari.HikariDataSource       : meta-data-pool - Start completed.
2024-02-12T21:00:20.129+09:00  INFO 14944 --- [    Test worker] c.spoparty.batch.BatchApplicationTests   : Started BatchApplicationTests in 6.223 seconds (process running for 7.599)
2024-02-12T21:00:20.330+09:00  INFO 14944 --- [   scheduling-1] o.s.b.c.l.support.SimpleJobLauncher      : Job: [SimpleJob: [name=jpaJob]] launched with the following parameters: [{'jobName':'{value=jpaTest 2024-02-12T21:00:20.127402200, type=class java.lang.String, identifying=true}'}]
]]></system-out>
  <system-err><![CDATA[]]></system-err>
</testsuite>
